<?xml version="1.0" encoding="UTF-8"?>
<!-- Generated by org.testng.reporters.JUnitXMLReporter -->
<testsuite ignored="1" hostname="LAPTOP-NO7ESUVE" failures="0" tests="1" name="Default test" time="9.554" errors="0" timestamp="2024-04-16T17:43:20 EDT">
  <testcase classname="com.training.testcases.loginTest" name="InvalidLogin" time="0.391"/>
  <testcase classname="com.training.testcases.loginTest" name="Login" time="0.0">
    <ignored/>
  </testcase> <!-- Login -->
</testsuite> <!-- Default test -->
