<?xml version="1.0" encoding="UTF-8"?>
<testng-results ignored="0" total="2" passed="2" failed="0" skipped="0">
  <reporter-output>
  </reporter-output>
  <suite started-at="2024-04-16T18:16:48 EDT" name="Surefire suite" finished-at="2024-04-16T18:17:03 EDT" duration-ms="14324">
    <groups>
    </groups>
    <test started-at="2024-04-16T18:16:48 EDT" name="Surefire test" finished-at="2024-04-16T18:17:03 EDT" duration-ms="14324">
      <class name="com.training.testcases.loginTest">
        <test-method is-config="true" signature="beforeMethod()[pri:0, instance:com.training.testcases.loginTest@19dc67c2]" started-at="2024-04-16T18:16:48 EDT" name="beforeMethod" finished-at="2024-04-16T18:16:55 EDT" duration-ms="6858" status="PASS">
          <reporter-output>
          </reporter-output>
        </test-method> <!-- beforeMethod -->
        <test-method signature="InvalidLogin()[pri:0, instance:com.training.testcases.loginTest@19dc67c2]" started-at="2024-04-16T18:16:55 EDT" name="InvalidLogin" finished-at="2024-04-16T18:16:57 EDT" duration-ms="2084" status="PASS">
          <reporter-output>
          </reporter-output>
        </test-method> <!-- InvalidLogin -->
        <test-method is-config="true" signature="teardown()[pri:0, instance:com.training.testcases.loginTest@19dc67c2]" started-at="2024-04-16T18:16:57 EDT" name="teardown" finished-at="2024-04-16T18:16:58 EDT" duration-ms="202" status="PASS">
          <reporter-output>
          </reporter-output>
        </test-method> <!-- teardown -->
        <test-method is-config="true" signature="beforeMethod()[pri:0, instance:com.training.testcases.loginTest@19dc67c2]" started-at="2024-04-16T18:16:58 EDT" name="beforeMethod" finished-at="2024-04-16T18:17:02 EDT" duration-ms="4329" status="PASS">
          <reporter-output>
          </reporter-output>
        </test-method> <!-- beforeMethod -->
        <test-method signature="Login()[pri:0, instance:com.training.testcases.loginTest@19dc67c2]" started-at="2024-04-16T18:17:02 EDT" name="Login" finished-at="2024-04-16T18:17:03 EDT" duration-ms="592" status="PASS">
          <reporter-output>
          </reporter-output>
        </test-method> <!-- Login -->
        <test-method is-config="true" signature="teardown()[pri:0, instance:com.training.testcases.loginTest@19dc67c2]" started-at="2024-04-16T18:17:03 EDT" name="teardown" finished-at="2024-04-16T18:17:03 EDT" duration-ms="212" status="PASS">
          <reporter-output>
          </reporter-output>
        </test-method> <!-- teardown -->
      </class> <!-- com.training.testcases.loginTest -->
    </test> <!-- Surefire test -->
  </suite> <!-- Surefire suite -->
</testng-results>
